<?xml version="1.0" encoding="UTF-8"?>
<testsuite xmlns:xsi="http://www.w3.org/2001/XMLSchema-instance" xsi:noNamespaceSchemaLocation="https://maven.apache.org/surefire/maven-surefire-plugin/xsd/surefire-test-report.xsd" version="3.0.2" name="uz.app.pdptube.PdpTubeApplicationTests" time="19.854" tests="1" errors="0" skipped="0" failures="0">
  <properties>
[...]
</properties>
  <testcase name="contextLoads" classname="uz.app.pdptube.PdpTubeApplicationTests" time="0.623">
    <system-out><![CDATA[17:24:46.615 [main] INFO org.springframework.test.context.support.AnnotationConfigContextLoaderUtils -- Could not detect default configuration classes for test class [uz.app.pdptube.PdpTubeApplicationTests]: PdpTubeApplicationTests does not declare any static, non-private, non-final, nested classes annotated with @Configuration.
17:24:46.766 [main] INFO org.springframework.boot.test.context.SpringBootTestContextBootstrapper -- Found @SpringBootConfiguration uz.app.pdptube.PdpTubeApplication for test class uz.app.pdptube.PdpTubeApplicationTests

  .   ____          _            __ _ _
 /\\ / ___'_ __ _ _(_)_ __  __ _ \ \ \ \
( ( )\___ | '_ | '_| | '_ \/ _` | \ \ \ \
 \\/  ___)| |_)| | | | | || (_| |  ) ) ) )
  '  |____| .__|_| |_|_| |_\__, | / / / /
 =========|_|==============|___/=/_/_/_/

 :: Spring Boot ::                (v3.4.1)

2025-01-26T17:24:47.395+05:00  INFO 13060 --- [PdpTube] [           main] uz.app.pdptube.PdpTubeApplicationTests   : Starting PdpTubeApplicationTests using Java 17.0.10 with PID 13060 (started by user in C:\FINAL\PdpTube)
2025-01-26T17:24:47.397+05:00  INFO 13060 --- [PdpTube] [           main] uz.app.pdptube.PdpTubeApplicationTests   : No active profile set, falling back to 1 default profile: "default"
2025-01-26T17:24:48.902+05:00  INFO 13060 --- [PdpTube] [           main] .s.d.r.c.RepositoryConfigurationDelegate : Bootstrapping Spring Data JPA repositories in DEFAULT mode.
2025-01-26T17:24:49.002+05:00  INFO 13060 --- [PdpTube] [           main] .s.d.r.c.RepositoryConfigurationDelegate : Finished Spring Data repository scanning in 87 ms. Found 10 JPA repository interfaces.
2025-01-26T17:24:49.791+05:00  INFO 13060 --- [PdpTube] [           main] o.hibernate.jpa.internal.util.LogHelper  : HHH000204: Processing PersistenceUnitInfo [name: default]
2025-01-26T17:24:49.867+05:00  INFO 13060 --- [PdpTube] [           main] org.hibernate.Version                    : HHH000412: Hibernate ORM core version 6.6.4.Final
2025-01-26T17:24:49.904+05:00  INFO 13060 --- [PdpTube] [           main] o.h.c.internal.RegionFactoryInitiator    : HHH000026: Second-level cache disabled
2025-01-26T17:24:50.394+05:00  INFO 13060 --- [PdpTube] [           main] o.s.o.j.p.SpringPersistenceUnitInfo      : No LoadTimeWeaver setup: ignoring JPA class transformer
2025-01-26T17:24:50.450+05:00  INFO 13060 --- [PdpTube] [           main] com.zaxxer.hikari.HikariDataSource       : HikariPool-1 - Starting...
2025-01-26T17:24:52.650+05:00  INFO 13060 --- [PdpTube] [           main] com.zaxxer.hikari.pool.HikariPool        : HikariPool-1 - Added connection org.postgresql.jdbc.PgConnection@7f77e065
2025-01-26T17:24:52.653+05:00  INFO 13060 --- [PdpTube] [           main] com.zaxxer.hikari.HikariDataSource       : HikariPool-1 - Start completed.
2025-01-26T17:24:52.953+05:00  WARN 13060 --- [PdpTube] [           main] org.hibernate.orm.deprecation            : HHH90000025: PostgreSQLDialect does not need to be specified explicitly using 'hibernate.dialect' (remove the property setting and it will be selected by default)
2025-01-26T17:24:53.493+05:00  INFO 13060 --- [PdpTube] [           main] org.hibernate.orm.connections.pooling    : HHH10001005: Database info:
	Database JDBC URL [Connecting through datasource 'HikariDataSource (HikariPool-1)']
	Database driver: undefined/unknown
	Database version: 16.6
	Autocommit mode: undefined/unknown
	Isolation level: undefined/unknown
	Minimum pool size: undefined/unknown
	Maximum pool size: undefined/unknown
2025-01-26T17:24:54.698+05:00  INFO 13060 --- [PdpTube] [           main] o.h.e.t.j.p.i.JtaPlatformInitiator       : HHH000489: No JTA platform available (set 'hibernate.transaction.jta.platform' to enable JTA platform integration)
Hibernate: set client_min_messages = WARNING
Hibernate: alter table if exists comment drop constraint if exists FKir20vhrx08eh4itgpbfxip0s1
Hibernate: alter table if exists history drop constraint if exists FK8b3p19gg1o1slyre63ych413o
Hibernate: alter table if exists video drop constraint if exists FKfrbu2k83awmspohxv36yi6tgt
Hibernate: drop table if exists channel cascade
Hibernate: drop table if exists channel_owner cascade
Hibernate: drop table if exists comment cascade
Hibernate: drop table if exists history cascade
Hibernate: drop table if exists history_videos cascade
Hibernate: drop table if exists playlist cascade
Hibernate: drop table if exists playlist_videos cascade
Hibernate: drop table if exists subscription cascade
Hibernate: drop table if exists user_disliked_videos cascade
Hibernate: drop table if exists user_liked_videos cascade
Hibernate: drop table if exists users cascade
Hibernate: drop table if exists video cascade
Hibernate: create table channel (id integer generated by default as identity, description varchar(255), name varchar(255), profile_picture varchar(255), primary key (id))
Hibernate: create table channel_owner (channel integer, id integer generated by default as identity, owner integer, primary key (id))
Hibernate: create table comment (author_id integer not null, dislikes integer not null, id integer generated by default as identity, likes integer not null, parent_comment_id integer, video_id integer, date timestamp(6) not null, text varchar(255) not null, primary key (id))
Hibernate: create table history (id integer generated by default as identity, owner_id integer not null unique, primary key (id))
Hibernate: create table history_videos (history integer, id integer generated by default as identity, video integer, primary key (id))
Hibernate: create table playlist (id integer generated by default as identity, owner integer, title varchar(255) not null, primary key (id))
Hibernate: create table playlist_videos (id integer generated by default as identity, playlist integer, video integer, primary key (id))
Hibernate: create table subscription (channel integer, follower integer, id integer generated by default as identity, primary key (id))
Hibernate: create table user_disliked_videos (id integer generated by default as identity, owner integer, video integer, primary key (id))
Hibernate: create table user_liked_videos (id integer generated by default as identity, owner integer, video integer, primary key (id))
Hibernate: create table users (age integer not null, id integer generated by default as identity, email varchar(255) not null unique, first_name varchar(255) not null, last_name varchar(255), password varchar(255) not null, profile_picture varchar(255), primary key (id))
Hibernate: create table video (age_restriction integer not null, channel_id integer not null, dislikes integer not null, id integer generated by default as identity, likes integer not null, views integer not null, category varchar(255) not null check (category in ('UNDEFINED','ENTERTAINMENT','EDUCATION','SPORTS','MUSIC','GAMING')), description varchar(255), title varchar(255) not null, video_link varchar(255) not null, primary key (id))
Hibernate: alter table if exists comment add constraint FKir20vhrx08eh4itgpbfxip0s1 foreign key (author_id) references users
Hibernate: alter table if exists history add constraint FK8b3p19gg1o1slyre63ych413o foreign key (owner_id) references users
Hibernate: alter table if exists video add constraint FKfrbu2k83awmspohxv36yi6tgt foreign key (channel_id) references channel
2025-01-26T17:25:03.059+05:00  INFO 13060 --- [PdpTube] [           main] j.LocalContainerEntityManagerFactoryBean : Initialized JPA EntityManagerFactory for persistence unit 'default'
2025-01-26T17:25:04.207+05:00  WARN 13060 --- [PdpTube] [           main] JpaBaseConfiguration$JpaWebConfiguration : spring.jpa.open-in-view is enabled by default. Therefore, database queries may be performed during view rendering. Explicitly configure spring.jpa.open-in-view to disable this warning
2025-01-26T17:25:04.241+05:00  WARN 13060 --- [PdpTube] [           main] r$InitializeUserDetailsManagerConfigurer : Found 2 UserDetailsService beans, with names [customUserDetailsService, userDetailsService]. Global Authentication Manager will not use a UserDetailsService for username/password login. Consider publishing a single UserDetailsService bean.
2025-01-26T17:25:05.101+05:00  INFO 13060 --- [PdpTube] [           main] o.s.v.b.OptionalValidatorFactoryBean     : Failed to set up a Bean Validation provider: jakarta.validation.NoProviderFoundException: Unable to create a Configuration, because no Jakarta Bean Validation provider could be found. Add a provider like Hibernate Validator (RI) to your classpath.
2025-01-26T17:25:05.284+05:00  WARN 13060 --- [PdpTube] [           main] ion$DefaultTemplateResolverConfiguration : Cannot find template location: classpath:/templates/ (please add some templates, check your Thymeleaf configuration, or set spring.thymeleaf.check-template-location=false)
2025-01-26T17:25:05.617+05:00  INFO 13060 --- [PdpTube] [           main] uz.app.pdptube.PdpTubeApplicationTests   : Started PdpTubeApplicationTests in 18.639 seconds (process running for 19.825)
]]></system-out>
  </testcase>
</testsuite>